[2024-05-02T17:09:59.719+0000] {taskinstance.py:1979} INFO - Dependencies all met for dep_context=non-requeueable deps ti=<TaskInstance: test_get_air4thai.load_last_to_bq manual__2024-05-02T17:09:54.375645+00:00 [queued]>
[2024-05-02T17:09:59.764+0000] {taskinstance.py:1979} INFO - Dependencies all met for dep_context=requeueable deps ti=<TaskInstance: test_get_air4thai.load_last_to_bq manual__2024-05-02T17:09:54.375645+00:00 [queued]>
[2024-05-02T17:09:59.765+0000] {taskinstance.py:2193} INFO - Starting attempt 1 of 1
[2024-05-02T17:09:59.869+0000] {taskinstance.py:2217} INFO - Executing <Task(GCSToBigQueryOperator): load_last_to_bq> on 2024-05-02 17:09:54.375645+00:00
[2024-05-02T17:09:59.886+0000] {standard_task_runner.py:60} INFO - Started process 95965 to run task
[2024-05-02T17:09:59.908+0000] {standard_task_runner.py:87} INFO - Running: ['***', 'tasks', 'run', 'test_get_air4thai', 'load_last_to_bq', 'manual__2024-05-02T17:09:54.375645+00:00', '--job-id', '2120', '--raw', '--subdir', 'DAGS_FOLDER/test_get_air4thai.py', '--cfg-path', '/tmp/tmpqg3hntbu']
[2024-05-02T17:09:59.917+0000] {standard_task_runner.py:88} INFO - Job 2120: Subtask load_last_to_bq
[2024-05-02T17:10:00.127+0000] {task_command.py:423} INFO - Running <TaskInstance: test_get_air4thai.load_last_to_bq manual__2024-05-02T17:09:54.375645+00:00 [running]> on host 5373b942cc14
[2024-05-02T17:10:00.412+0000] {abstractoperator.py:707} ERROR - Exception rendering Jinja template for task 'load_last_to_bq', field 'bucket'. Template: "{{ task_instance.xcom_pull(task_ids='get_data_api')[2] }}"
Traceback (most recent call last):
  File "/home/airflow/.local/lib/python3.8/site-packages/airflow/models/abstractoperator.py", line 699, in _do_render_template_fields
    rendered_content = self.render_template(
  File "/home/airflow/.local/lib/python3.8/site-packages/airflow/template/templater.py", line 174, in render_template
    return self._render(template, context)
  File "/home/airflow/.local/lib/python3.8/site-packages/airflow/models/abstractoperator.py", line 654, in _render
    return super()._render(template, context, dag=dag)
  File "/home/airflow/.local/lib/python3.8/site-packages/airflow/template/templater.py", line 131, in _render
    return render_template_to_string(template, context)
  File "/home/airflow/.local/lib/python3.8/site-packages/airflow/utils/helpers.py", line 289, in render_template_to_string
    return render_template(template, cast(MutableMapping[str, Any], context), native=False)
  File "/home/airflow/.local/lib/python3.8/site-packages/airflow/utils/helpers.py", line 284, in render_template
    return "".join(nodes)
  File "<template>", line 12, in root
  File "/home/airflow/.local/lib/python3.8/site-packages/jinja2/runtime.py", line 852, in _fail_with_undefined_error
    raise self._undefined_exception(self._undefined_message)
jinja2.exceptions.UndefinedError: None has no element 2
[2024-05-02T17:10:00.434+0000] {taskinstance.py:2731} ERROR - Task failed with exception
Traceback (most recent call last):
  File "/home/airflow/.local/lib/python3.8/site-packages/airflow/models/taskinstance.py", line 2360, in _run_raw_task
    self._execute_task_with_callbacks(context, test_mode, session=session)
  File "/home/airflow/.local/lib/python3.8/site-packages/airflow/models/taskinstance.py", line 2498, in _execute_task_with_callbacks
    task_orig = self.render_templates(context=context)
  File "/home/airflow/.local/lib/python3.8/site-packages/airflow/models/taskinstance.py", line 2910, in render_templates
    original_task.render_template_fields(context)
  File "/home/airflow/.local/lib/python3.8/site-packages/airflow/models/baseoperator.py", line 1241, in render_template_fields
    self._do_render_template_fields(self, self.template_fields, context, jinja_env, set())
  File "/home/airflow/.local/lib/python3.8/site-packages/airflow/utils/session.py", line 79, in wrapper
    return func(*args, session=session, **kwargs)
  File "/home/airflow/.local/lib/python3.8/site-packages/airflow/models/abstractoperator.py", line 699, in _do_render_template_fields
    rendered_content = self.render_template(
  File "/home/airflow/.local/lib/python3.8/site-packages/airflow/template/templater.py", line 174, in render_template
    return self._render(template, context)
  File "/home/airflow/.local/lib/python3.8/site-packages/airflow/models/abstractoperator.py", line 654, in _render
    return super()._render(template, context, dag=dag)
  File "/home/airflow/.local/lib/python3.8/site-packages/airflow/template/templater.py", line 131, in _render
    return render_template_to_string(template, context)
  File "/home/airflow/.local/lib/python3.8/site-packages/airflow/utils/helpers.py", line 289, in render_template_to_string
    return render_template(template, cast(MutableMapping[str, Any], context), native=False)
  File "/home/airflow/.local/lib/python3.8/site-packages/airflow/utils/helpers.py", line 284, in render_template
    return "".join(nodes)
  File "<template>", line 12, in root
  File "/home/airflow/.local/lib/python3.8/site-packages/jinja2/runtime.py", line 852, in _fail_with_undefined_error
    raise self._undefined_exception(self._undefined_message)
jinja2.exceptions.UndefinedError: None has no element 2
[2024-05-02T17:10:00.501+0000] {taskinstance.py:1149} INFO - Marking task as FAILED. dag_id=test_get_air4thai, task_id=load_last_to_bq, execution_date=20240502T170954, start_date=20240502T170959, end_date=20240502T171000
[2024-05-02T17:10:00.541+0000] {standard_task_runner.py:107} ERROR - Failed to execute job 2120 for task load_last_to_bq (None has no element 2; 95965)
[2024-05-02T17:10:00.571+0000] {local_task_job_runner.py:234} INFO - Task exited with return code 1
[2024-05-02T17:10:00.636+0000] {taskinstance.py:3312} INFO - 0 downstream tasks scheduled from follow-on schedule check
