[2024-04-30T17:59:50.352+0000] {taskinstance.py:1979} INFO - Dependencies all met for dep_context=non-requeueable deps ti=<TaskInstance: test_load_bqr.extract_data manual__2024-04-30T17:59:38.324356+00:00 [queued]>
[2024-04-30T17:59:50.378+0000] {taskinstance.py:1979} INFO - Dependencies all met for dep_context=requeueable deps ti=<TaskInstance: test_load_bqr.extract_data manual__2024-04-30T17:59:38.324356+00:00 [queued]>
[2024-04-30T17:59:50.379+0000] {taskinstance.py:2193} INFO - Starting attempt 1 of 1
[2024-04-30T17:59:50.420+0000] {taskinstance.py:2217} INFO - Executing <Task(PythonOperator): extract_data> on 2024-04-30 17:59:38.324356+00:00
[2024-04-30T17:59:50.436+0000] {standard_task_runner.py:60} INFO - Started process 2043273 to run task
[2024-04-30T17:59:50.447+0000] {standard_task_runner.py:87} INFO - Running: ['***', 'tasks', 'run', 'test_load_bqr', 'extract_data', 'manual__2024-04-30T17:59:38.324356+00:00', '--job-id', '1453', '--raw', '--subdir', 'DAGS_FOLDER/get_load_db.py', '--cfg-path', '/tmp/tmpi9rn79zt']
[2024-04-30T17:59:50.453+0000] {standard_task_runner.py:88} INFO - Job 1453: Subtask extract_data
[2024-04-30T17:59:50.582+0000] {task_command.py:423} INFO - Running <TaskInstance: test_load_bqr.extract_data manual__2024-04-30T17:59:38.324356+00:00 [running]> on host c5a6ac367c49
[2024-04-30T17:59:50.858+0000] {taskinstance.py:2513} INFO - Exporting env vars: AIRFLOW_CTX_DAG_OWNER='***' AIRFLOW_CTX_DAG_ID='test_load_bqr' AIRFLOW_CTX_TASK_ID='extract_data' AIRFLOW_CTX_EXECUTION_DATE='2024-04-30T17:59:38.324356+00:00' AIRFLOW_CTX_TRY_NUMBER='1' AIRFLOW_CTX_DAG_RUN_ID='manual__2024-04-30T17:59:38.324356+00:00'
[2024-04-30T17:59:50.865+0000] {taskinstance.py:2731} ERROR - Task failed with exception
Traceback (most recent call last):
  File "/home/airflow/.local/lib/python3.8/site-packages/airflow/models/taskinstance.py", line 444, in _execute_task
    result = _execute_callable(context=context, **execute_callable_kwargs)
  File "/home/airflow/.local/lib/python3.8/site-packages/airflow/models/taskinstance.py", line 414, in _execute_callable
    return execute_callable(context=context, **execute_callable_kwargs)
  File "/home/airflow/.local/lib/python3.8/site-packages/airflow/operators/python.py", line 200, in execute
    return_value = self.execute_callable()
  File "/home/airflow/.local/lib/python3.8/site-packages/airflow/operators/python.py", line 217, in execute_callable
    return self.python_callable(*self.op_args, **self.op_kwargs)
  File "/opt/airflow/dags/get_load_db.py", line 68, in _extract_data_to_csv
    writer = csv.writer(csv_file)
NameError: name 'csv' is not defined
[2024-04-30T17:59:50.887+0000] {taskinstance.py:1149} INFO - Marking task as FAILED. dag_id=test_load_bqr, task_id=extract_data, execution_date=20240430T175938, start_date=20240430T175950, end_date=20240430T175950
[2024-04-30T17:59:50.921+0000] {standard_task_runner.py:107} ERROR - Failed to execute job 1453 for task extract_data (name 'csv' is not defined; 2043273)
[2024-04-30T17:59:50.981+0000] {local_task_job_runner.py:234} INFO - Task exited with return code 1
[2024-04-30T17:59:51.027+0000] {taskinstance.py:3312} INFO - 0 downstream tasks scheduled from follow-on schedule check
