[2024-03-28T06:21:14.133+0000] {taskinstance.py:1979} INFO - Dependencies all met for dep_context=non-requeueable deps ti=<TaskInstance: test_get_tmd_api.get_data_api manual__2024-03-28T06:21:07.977678+00:00 [queued]>
[2024-03-28T06:21:14.178+0000] {taskinstance.py:1979} INFO - Dependencies all met for dep_context=requeueable deps ti=<TaskInstance: test_get_tmd_api.get_data_api manual__2024-03-28T06:21:07.977678+00:00 [queued]>
[2024-03-28T06:21:14.180+0000] {taskinstance.py:2193} INFO - Starting attempt 1 of 1
[2024-03-28T06:21:14.281+0000] {taskinstance.py:2217} INFO - Executing <Task(PythonOperator): get_data_api> on 2024-03-28 06:21:07.977678+00:00
[2024-03-28T06:21:14.294+0000] {standard_task_runner.py:60} INFO - Started process 139804 to run task
[2024-03-28T06:21:14.314+0000] {standard_task_runner.py:87} INFO - Running: ['***', 'tasks', 'run', 'test_get_tmd_api', 'get_data_api', 'manual__2024-03-28T06:21:07.977678+00:00', '--job-id', '144', '--raw', '--subdir', 'DAGS_FOLDER/test_get_tmd_api.py', '--cfg-path', '/tmp/tmpjh_juak8']
[2024-03-28T06:21:14.324+0000] {standard_task_runner.py:88} INFO - Job 144: Subtask get_data_api
[2024-03-28T06:21:14.592+0000] {task_command.py:423} INFO - Running <TaskInstance: test_get_tmd_api.get_data_api manual__2024-03-28T06:21:07.977678+00:00 [running]> on host c5a6ac367c49
[2024-03-28T06:21:14.845+0000] {taskinstance.py:2513} INFO - Exporting env vars: AIRFLOW_CTX_DAG_OWNER='***' AIRFLOW_CTX_DAG_ID='test_get_tmd_api' AIRFLOW_CTX_TASK_ID='get_data_api' AIRFLOW_CTX_EXECUTION_DATE='2024-03-28T06:21:07.977678+00:00' AIRFLOW_CTX_TRY_NUMBER='1' AIRFLOW_CTX_DAG_RUN_ID='manual__2024-03-28T06:21:07.977678+00:00'
[2024-03-28T06:21:39.213+0000] {test_get_tmd_api.py:43} INFO - **** filename : data_2024_03_28_1300.json
[2024-03-28T06:21:39.233+0000] {test_get_tmd_api.py:49} INFO - JSON data saved to /opt/***/dags/data_get.json
[2024-03-28T06:21:39.234+0000] {test_get_tmd_api.py:53} INFO - local file path : /opt/***/dags/data_get.json
[2024-03-28T06:21:39.235+0000] {test_get_tmd_api.py:57} INFO - bucket name : ds525-capstone-test-49
[2024-03-28T06:21:39.236+0000] {test_get_tmd_api.py:60} INFO - dst : data_test/data_2024_03_28_1300.json
[2024-03-28T06:21:39.273+0000] {connection.py:269} WARNING - Connection schemes (type: google_cloud_platform) shall not contain '_' according to RFC3986.
[2024-03-28T06:21:39.285+0000] {base.py:83} INFO - Using connection ID 'my_gcp_conn' for task execution.
[2024-03-28T06:21:40.324+0000] {gcs.py:557} INFO - File /opt/***/dags/data_get.json uploaded to data_test/data_2024_03_28_1300.json in ds525-capstone-test-49 bucket
[2024-03-28T06:21:40.328+0000] {taskinstance.py:2731} ERROR - Task failed with exception
Traceback (most recent call last):
  File "/home/airflow/.local/lib/python3.8/site-packages/airflow/models/taskinstance.py", line 444, in _execute_task
    result = _execute_callable(context=context, **execute_callable_kwargs)
  File "/home/airflow/.local/lib/python3.8/site-packages/airflow/models/taskinstance.py", line 414, in _execute_callable
    return execute_callable(context=context, **execute_callable_kwargs)
  File "/home/airflow/.local/lib/python3.8/site-packages/airflow/operators/python.py", line 200, in execute
    return_value = self.execute_callable()
  File "/home/airflow/.local/lib/python3.8/site-packages/airflow/operators/python.py", line 217, in execute_callable
    return self.python_callable(*self.op_args, **self.op_kwargs)
  File "/opt/airflow/dags/test_get_tmd_api.py", line 74, in _get_data_api
    os.remove(local_file_path)
FileNotFoundError: [Errno 2] No such file or directory: '/opt/airflow/dags/data_get.json'
[2024-03-28T06:21:40.371+0000] {taskinstance.py:1149} INFO - Marking task as FAILED. dag_id=test_get_tmd_api, task_id=get_data_api, execution_date=20240328T062107, start_date=20240328T062114, end_date=20240328T062140
[2024-03-28T06:21:40.428+0000] {standard_task_runner.py:107} ERROR - Failed to execute job 144 for task get_data_api ([Errno 2] No such file or directory: '/opt/airflow/dags/data_get.json'; 139804)
[2024-03-28T06:21:40.471+0000] {local_task_job_runner.py:234} INFO - Task exited with return code 1
[2024-03-28T06:21:40.541+0000] {taskinstance.py:3312} INFO - 0 downstream tasks scheduled from follow-on schedule check
