[2024-03-25T18:03:12.300+0000] {taskinstance.py:1979} INFO - Dependencies all met for dep_context=non-requeueable deps ti=<TaskInstance: test_get_up_gcs.get_data_api manual__2024-03-25T18:03:09.301319+00:00 [queued]>
[2024-03-25T18:03:12.327+0000] {taskinstance.py:1979} INFO - Dependencies all met for dep_context=requeueable deps ti=<TaskInstance: test_get_up_gcs.get_data_api manual__2024-03-25T18:03:09.301319+00:00 [queued]>
[2024-03-25T18:03:12.328+0000] {taskinstance.py:2193} INFO - Starting attempt 1 of 1
[2024-03-25T18:03:12.368+0000] {taskinstance.py:2217} INFO - Executing <Task(PythonOperator): get_data_api> on 2024-03-25 18:03:09.301319+00:00
[2024-03-25T18:03:12.381+0000] {standard_task_runner.py:60} INFO - Started process 2282 to run task
[2024-03-25T18:03:12.391+0000] {standard_task_runner.py:87} INFO - Running: ['***', 'tasks', 'run', 'test_get_up_gcs', 'get_data_api', 'manual__2024-03-25T18:03:09.301319+00:00', '--job-id', '17', '--raw', '--subdir', 'DAGS_FOLDER/test_get_up_gcs.py', '--cfg-path', '/tmp/tmpwouyqe2q']
[2024-03-25T18:03:12.398+0000] {standard_task_runner.py:88} INFO - Job 17: Subtask get_data_api
[2024-03-25T18:03:12.544+0000] {task_command.py:423} INFO - Running <TaskInstance: test_get_up_gcs.get_data_api manual__2024-03-25T18:03:09.301319+00:00 [running]> on host c5a6ac367c49
[2024-03-25T18:03:12.843+0000] {taskinstance.py:2513} INFO - Exporting env vars: AIRFLOW_CTX_DAG_OWNER='***' AIRFLOW_CTX_DAG_ID='test_get_up_gcs' AIRFLOW_CTX_TASK_ID='get_data_api' AIRFLOW_CTX_EXECUTION_DATE='2024-03-25T18:03:09.301319+00:00' AIRFLOW_CTX_TRY_NUMBER='1' AIRFLOW_CTX_DAG_RUN_ID='manual__2024-03-25T18:03:09.301319+00:00'
[2024-03-25T18:03:16.251+0000] {test_get_up_gcs.py:50} INFO - JSON data saved to /opt/***/dags/data_get.json
[2024-03-25T18:03:16.252+0000] {taskinstance.py:2731} ERROR - Task failed with exception
Traceback (most recent call last):
  File "/home/airflow/.local/lib/python3.8/site-packages/airflow/models/taskinstance.py", line 444, in _execute_task
    result = _execute_callable(context=context, **execute_callable_kwargs)
  File "/home/airflow/.local/lib/python3.8/site-packages/airflow/models/taskinstance.py", line 414, in _execute_callable
    return execute_callable(context=context, **execute_callable_kwargs)
  File "/home/airflow/.local/lib/python3.8/site-packages/airflow/operators/python.py", line 200, in execute
    return_value = self.execute_callable()
  File "/home/airflow/.local/lib/python3.8/site-packages/airflow/operators/python.py", line 217, in execute_callable
    return self.python_callable(*self.op_args, **self.op_kwargs)
  File "/opt/airflow/dags/test_get_up_gcs.py", line 66, in _get_data_api
    dag=dag
NameError: name 'dag' is not defined
[2024-03-25T18:03:16.275+0000] {taskinstance.py:1149} INFO - Marking task as FAILED. dag_id=test_get_up_gcs, task_id=get_data_api, execution_date=20240325T180309, start_date=20240325T180312, end_date=20240325T180316
[2024-03-25T18:03:16.313+0000] {standard_task_runner.py:107} ERROR - Failed to execute job 17 for task get_data_api (name 'dag' is not defined; 2282)
[2024-03-25T18:03:16.338+0000] {local_task_job_runner.py:234} INFO - Task exited with return code 1
[2024-03-25T18:03:16.405+0000] {taskinstance.py:3312} INFO - 0 downstream tasks scheduled from follow-on schedule check
